<?xml version="1.0" encoding="UTF-8"?>
<coverage generated="1630252792953" clover="3.2.0">
  <project timestamp="1630252792953" name="All files">
    <metrics statements="18" coveredstatements="14" conditionals="0" coveredconditionals="0" methods="14" coveredmethods="12" elements="32" coveredelements="26" complexity="0" loc="18" ncloc="18" packages="2" files="6" classes="6"/>
    <package name="helpers">
      <metrics statements="4" coveredstatements="0" conditionals="0" coveredconditionals="0" methods="2" coveredmethods="0"/>
      <file name="food.helper.ts" path="C:\Proyectos\git-repos\dev-node\curso-tdd\src\helpers\food.helper.ts">
        <metrics statements="1" coveredstatements="0" conditionals="0" coveredconditionals="0" methods="0" coveredmethods="0"/>
        <line num="1" count="0" type="stmt"/>
      </file>
      <file name="index.ts" path="C:\Proyectos\git-repos\dev-node\curso-tdd\src\helpers\index.ts">
        <metrics statements="2" coveredstatements="0" conditionals="0" coveredconditionals="0" methods="2" coveredmethods="0"/>
        <line num="1" count="0" type="stmt"/>
        <line num="2" count="0" type="stmt"/>
      </file>
      <file name="vehicle.helper.ts" path="C:\Proyectos\git-repos\dev-node\curso-tdd\src\helpers\vehicle.helper.ts">
        <metrics statements="1" coveredstatements="0" conditionals="0" coveredconditionals="0" methods="0" coveredmethods="0"/>
        <line num="1" count="0" type="stmt"/>
      </file>
    </package>
    <package name="models">
      <metrics statements="14" coveredstatements="14" conditionals="0" coveredconditionals="0" methods="12" coveredmethods="12"/>
      <file name="foo.model.ts" path="C:\Proyectos\git-repos\dev-node\curso-tdd\src\models\foo.model.ts">
        <metrics statements="5" coveredstatements="5" conditionals="0" coveredconditionals="0" methods="4" coveredmethods="4"/>
        <line num="2" count="2" type="stmt"/>
        <line num="3" count="1" type="stmt"/>
        <line num="7" count="1" type="stmt"/>
        <line num="11" count="1" type="stmt"/>
        <line num="15" count="1" type="stmt"/>
      </file>
      <file name="index.ts" path="C:\Proyectos\git-repos\dev-node\curso-tdd\src\models\index.ts">
        <metrics statements="2" coveredstatements="2" conditionals="0" coveredconditionals="0" methods="2" coveredmethods="2"/>
        <line num="1" count="3" type="stmt"/>
        <line num="2" count="3" type="stmt"/>
      </file>
      <file name="vehicle.model.ts" path="C:\Proyectos\git-repos\dev-node\curso-tdd\src\models\vehicle.model.ts">
        <metrics statements="7" coveredstatements="7" conditionals="0" coveredconditionals="0" methods="6" coveredmethods="6"/>
        <line num="2" count="2" type="stmt"/>
        <line num="3" count="1" type="stmt"/>
        <line num="7" count="1" type="stmt"/>
        <line num="11" count="1" type="stmt"/>
        <line num="15" count="1" type="stmt"/>
        <line num="19" count="1" type="stmt"/>
        <line num="23" count="1" type="stmt"/>
      </file>
    </package>
  </project>
</coverage>
